Performing C SOURCE FILE Test CMAKE_HAVE_LIBC_PTHREAD failed with the following output:
Change Dir: /home/nvidia/mosquitto_demo/build/CMakeFiles/CMakeTmp

Run Build Command(s):/usr/bin/make -f Makefile cmTC_27afe/fast && /usr/bin/make  -f CMakeFiles/cmTC_27afe.dir/build.make CMakeFiles/cmTC_27afe.dir/build
make[1]: Entering directory '/home/nvidia/mosquitto_demo/build/CMakeFiles/CMakeTmp'
Building C object CMakeFiles/cmTC_27afe.dir/src.c.o
/usr/bin/cc -DCMAKE_HAVE_LIBC_PTHREAD   -o CMakeFiles/cmTC_27afe.dir/src.c.o -c /home/nvidia/mosquitto_demo/build/CMakeFiles/CMakeTmp/src.c
Linking C executable cmTC_27afe
/usr/local/bin/cmake -E cmake_link_script CMakeFiles/cmTC_27afe.dir/link.txt --verbose=1
/usr/bin/cc -rdynamic CMakeFiles/cmTC_27afe.dir/src.c.o -o cmTC_27afe 
CMakeFiles/cmTC_27afe.dir/src.c.o: In function `main':
src.c:(.text+0x48): undefined reference to `pthread_create'
src.c:(.text+0x50): undefined reference to `pthread_detach'
src.c:(.text+0x58): undefined reference to `pthread_cancel'
src.c:(.text+0x64): undefined reference to `pthread_join'
src.c:(.text+0x74): undefined reference to `pthread_atfork'
collect2: error: ld returned 1 exit status
CMakeFiles/cmTC_27afe.dir/build.make:98: recipe for target 'cmTC_27afe' failed
make[1]: *** [cmTC_27afe] Error 1
make[1]: Leaving directory '/home/nvidia/mosquitto_demo/build/CMakeFiles/CMakeTmp'
Makefile:127: recipe for target 'cmTC_27afe/fast' failed
make: *** [cmTC_27afe/fast] Error 2


Source file was:
#include <pthread.h>

static void* test_func(void* data)
{
  return data;
}

int main(void)
{
  pthread_t thread;
  pthread_create(&thread, NULL, test_func, NULL);
  pthread_detach(thread);
  pthread_cancel(thread);
  pthread_join(thread, NULL);
  pthread_atfork(NULL, NULL, NULL);
  pthread_exit(NULL);

  return 0;
}

